{"/Users/maragreene/Desktop/Rithm School/07/express-jobly/app.js": {"path":"/Users/maragreene/Desktop/Rithm School/07/express-jobly/app.js","statementMap":{"0":{"start":{"line":3,"column":16},"end":{"line":3,"column":34}},"1":{"start":{"line":5,"column":21},"end":{"line":5,"column":54}},"2":{"start":{"line":7,"column":15},"end":{"line":7,"column":32}},"3":{"start":{"line":9,"column":12},"end":{"line":9,"column":21}},"4":{"start":{"line":11,"column":0},"end":{"line":11,"column":24}},"5":{"start":{"line":14,"column":0},"end":{"line":14,"column":24}},"6":{"start":{"line":17,"column":0},"end":{"line":17,"column":24}},"7":{"start":{"line":21,"column":22},"end":{"line":21,"column":51}},"8":{"start":{"line":22,"column":0},"end":{"line":22,"column":37}},"9":{"start":{"line":26,"column":0},"end":{"line":31,"column":3}},"10":{"start":{"line":27,"column":14},"end":{"line":27,"column":48}},"11":{"start":{"line":30,"column":2},"end":{"line":30,"column":19}},"12":{"start":{"line":35,"column":0},"end":{"line":43,"column":3}},"13":{"start":{"line":36,"column":2},"end":{"line":36,"column":32}},"14":{"start":{"line":37,"column":2},"end":{"line":37,"column":27}},"15":{"start":{"line":39,"column":2},"end":{"line":42,"column":5}},"16":{"start":{"line":45,"column":0},"end":{"line":45,"column":21}}},"fnMap":{"0":{"name":"(anonymous_0)","decl":{"start":{"line":26,"column":8},"end":{"line":26,"column":9}},"loc":{"start":{"line":26,"column":33},"end":{"line":31,"column":1}},"line":26},"1":{"name":"(anonymous_1)","decl":{"start":{"line":35,"column":8},"end":{"line":35,"column":9}},"loc":{"start":{"line":35,"column":38},"end":{"line":43,"column":1}},"line":35}},"branchMap":{"0":{"loc":{"start":{"line":36,"column":13},"end":{"line":36,"column":30}},"type":"binary-expr","locations":[{"start":{"line":36,"column":13},"end":{"line":36,"column":23}},{"start":{"line":36,"column":27},"end":{"line":36,"column":30}}],"line":36}},"s":{"0":1,"1":1,"2":1,"3":1,"4":1,"5":1,"6":1,"7":1,"8":1,"9":1,"10":0,"11":0,"12":1,"13":6,"14":6,"15":6,"16":1},"f":{"0":0,"1":6},"b":{"0":[6,0]},"_coverageSchema":"43e27e138ebf9cfc5966b082cf9a028302ed4184","hash":"fab27f659fc85cc7e9feb68bc8e8458707854ad5"}
,"/Users/maragreene/Desktop/Rithm School/07/express-jobly/config.js": {"path":"/Users/maragreene/Desktop/Rithm School/07/express-jobly/config.js","statementMap":{"0":{"start":{"line":3,"column":0},"end":{"line":3,"column":27}},"1":{"start":{"line":5,"column":19},"end":{"line":5,"column":51}},"2":{"start":{"line":7,"column":13},"end":{"line":7,"column":38}},"3":{"start":{"line":17,"column":0},"end":{"line":21,"column":1}},"4":{"start":{"line":18,"column":2},"end":{"line":18,"column":24}},"5":{"start":{"line":20,"column":2},"end":{"line":20,"column":47}},"6":{"start":{"line":23,"column":0},"end":{"line":27,"column":2}}},"fnMap":{},"branchMap":{"0":{"loc":{"start":{"line":5,"column":19},"end":{"line":5,"column":51}},"type":"binary-expr","locations":[{"start":{"line":5,"column":19},"end":{"line":5,"column":41}},{"start":{"line":5,"column":45},"end":{"line":5,"column":51}}],"line":5},"1":{"loc":{"start":{"line":7,"column":13},"end":{"line":7,"column":38}},"type":"binary-expr","locations":[{"start":{"line":7,"column":13},"end":{"line":7,"column":30}},{"start":{"line":7,"column":34},"end":{"line":7,"column":38}}],"line":7},"2":{"loc":{"start":{"line":17,"column":0},"end":{"line":21,"column":1}},"type":"if","locations":[{"start":{"line":17,"column":0},"end":{"line":21,"column":1}},{"start":{"line":17,"column":0},"end":{"line":21,"column":1}}],"line":17},"3":{"loc":{"start":{"line":20,"column":11},"end":{"line":20,"column":46}},"type":"binary-expr","locations":[{"start":{"line":20,"column":11},"end":{"line":20,"column":35}},{"start":{"line":20,"column":39},"end":{"line":20,"column":46}}],"line":20}},"s":{"0":3,"1":3,"2":3,"3":3,"4":3,"5":0,"6":3},"f":{},"b":{"0":[3,3],"1":[3,3],"2":[3,0],"3":[0,0]},"_coverageSchema":"43e27e138ebf9cfc5966b082cf9a028302ed4184","hash":"ce26cc18595412b4589ff2c535a5fd62da7c9b36"}
,"/Users/maragreene/Desktop/Rithm School/07/express-jobly/db.js": {"path":"/Users/maragreene/Desktop/Rithm School/07/express-jobly/db.js","statementMap":{"0":{"start":{"line":3,"column":19},"end":{"line":3,"column":32}},"1":{"start":{"line":4,"column":19},"end":{"line":4,"column":38}},"2":{"start":{"line":6,"column":11},"end":{"line":8,"column":2}},"3":{"start":{"line":10,"column":0},"end":{"line":10,"column":13}},"4":{"start":{"line":12,"column":0},"end":{"line":12,"column":20}}},"fnMap":{},"branchMap":{},"s":{"0":3,"1":3,"2":3,"3":3,"4":3},"f":{},"b":{},"_coverageSchema":"43e27e138ebf9cfc5966b082cf9a028302ed4184","hash":"37ce67b2ad18ccfe3176c2f9a670c45e173905fd"}
,"/Users/maragreene/Desktop/Rithm School/07/express-jobly/helpers/expressError.js": {"path":"/Users/maragreene/Desktop/Rithm School/07/express-jobly/helpers/expressError.js","statementMap":{"0":{"start":{"line":11,"column":4},"end":{"line":11,"column":12}},"1":{"start":{"line":12,"column":4},"end":{"line":12,"column":27}},"2":{"start":{"line":13,"column":4},"end":{"line":13,"column":25}},"3":{"start":{"line":14,"column":4},"end":{"line":14,"column":30}},"4":{"start":{"line":18,"column":0},"end":{"line":18,"column":30}}},"fnMap":{"0":{"name":"(anonymous_0)","decl":{"start":{"line":10,"column":2},"end":{"line":10,"column":3}},"loc":{"start":{"line":10,"column":31},"end":{"line":15,"column":3}},"line":10}},"branchMap":{},"s":{"0":6,"1":6,"2":6,"3":6,"4":1},"f":{"0":6},"b":{},"_coverageSchema":"43e27e138ebf9cfc5966b082cf9a028302ed4184","hash":"37bba9f14000a8c8f149c6149d90fcd8cd274656"}
,"/Users/maragreene/Desktop/Rithm School/07/express-jobly/helpers/partialUpdate.js": {"path":"/Users/maragreene/Desktop/Rithm School/07/express-jobly/helpers/partialUpdate.js","statementMap":{"0":{"start":{"line":21,"column":12},"end":{"line":21,"column":13}},"1":{"start":{"line":22,"column":16},"end":{"line":22,"column":18}},"2":{"start":{"line":25,"column":2},"end":{"line":29,"column":3}},"3":{"start":{"line":26,"column":4},"end":{"line":28,"column":5}},"4":{"start":{"line":27,"column":6},"end":{"line":27,"column":24}},"5":{"start":{"line":28,"column":5},"end":{"line":28,"column":7}},"6":{"start":{"line":31,"column":2},"end":{"line":34,"column":3}},"7":{"start":{"line":32,"column":4},"end":{"line":32,"column":38}},"8":{"start":{"line":33,"column":4},"end":{"line":33,"column":13}},"9":{"start":{"line":37,"column":13},"end":{"line":37,"column":31}},"10":{"start":{"line":38,"column":14},"end":{"line":38,"column":76}},"11":{"start":{"line":40,"column":15},"end":{"line":40,"column":35}},"12":{"start":{"line":41,"column":2},"end":{"line":41,"column":18}},"13":{"start":{"line":43,"column":2},"end":{"line":43,"column":27}},"14":{"start":{"line":46,"column":0},"end":{"line":46,"column":37}}},"fnMap":{"0":{"name":"sqlForPartialUpdate","decl":{"start":{"line":17,"column":9},"end":{"line":17,"column":28}},"loc":{"start":{"line":17,"column":52},"end":{"line":44,"column":1}},"line":17}},"branchMap":{"0":{"loc":{"start":{"line":26,"column":4},"end":{"line":28,"column":5}},"type":"if","locations":[{"start":{"line":26,"column":4},"end":{"line":28,"column":5}},{"start":{"line":26,"column":4},"end":{"line":28,"column":5}}],"line":26}},"s":{"0":3,"1":3,"2":3,"3":6,"4":0,"5":6,"6":3,"7":6,"8":6,"9":3,"10":3,"11":3,"12":3,"13":3,"14":2},"f":{"0":3},"b":{"0":[0,6]},"_coverageSchema":"43e27e138ebf9cfc5966b082cf9a028302ed4184","hash":"a7c112d05fff3df3ea1c22394ee00eaece41e8a9"}
,"/Users/maragreene/Desktop/Rithm School/07/express-jobly/models/company.js": {"path":"/Users/maragreene/Desktop/Rithm School/07/express-jobly/models/company.js","statementMap":{"0":{"start":{"line":1,"column":11},"end":{"line":1,"column":27}},"1":{"start":{"line":5,"column":23},"end":{"line":10,"column":9}},"2":{"start":{"line":12,"column":8},"end":{"line":12,"column":29}},"3":{"start":{"line":18,"column":8},"end":{"line":35,"column":9}},"4":{"start":{"line":19,"column":12},"end":{"line":24,"column":45}},"5":{"start":{"line":26,"column":12},"end":{"line":26,"column":43}},"6":{"start":{"line":27,"column":12},"end":{"line":34,"column":13}},"7":{"start":{"line":37,"column":8},"end":{"line":37,"column":27}},"8":{"start":{"line":42,"column":21},"end":{"line":47,"column":9}},"9":{"start":{"line":48,"column":8},"end":{"line":48,"column":30}},"10":{"start":{"line":56,"column":0},"end":{"line":56,"column":25}}},"fnMap":{"0":{"name":"(anonymous_0)","decl":{"start":{"line":4,"column":4},"end":{"line":4,"column":5}},"loc":{"start":{"line":4,"column":80},"end":{"line":13,"column":5}},"line":4},"1":{"name":"(anonymous_1)","decl":{"start":{"line":15,"column":4},"end":{"line":15,"column":5}},"loc":{"start":{"line":15,"column":78},"end":{"line":39,"column":5}},"line":15},"2":{"name":"(anonymous_2)","decl":{"start":{"line":41,"column":4},"end":{"line":41,"column":5}},"loc":{"start":{"line":41,"column":29},"end":{"line":49,"column":5}},"line":41}},"branchMap":{"0":{"loc":{"start":{"line":15,"column":36},"end":{"line":15,"column":52}},"type":"default-arg","locations":[{"start":{"line":15,"column":51},"end":{"line":15,"column":52}}],"line":15},"1":{"loc":{"start":{"line":15,"column":54},"end":{"line":15,"column":76}},"type":"default-arg","locations":[{"start":{"line":15,"column":69},"end":{"line":15,"column":76}}],"line":15},"2":{"loc":{"start":{"line":18,"column":8},"end":{"line":35,"column":9}},"type":"if","locations":[{"start":{"line":18,"column":8},"end":{"line":35,"column":9}},{"start":{"line":18,"column":8},"end":{"line":35,"column":9}}],"line":18}},"s":{"0":3,"1":23,"2":22,"3":8,"4":6,"5":2,"6":2,"7":8,"8":4,"9":4,"10":3},"f":{"0":23,"1":8,"2":4},"b":{"0":[2],"1":[2],"2":[6,2]},"_coverageSchema":"43e27e138ebf9cfc5966b082cf9a028302ed4184","hash":"f9549a97062b4f334def4dfa5f2de099121bec53"}
,"/Users/maragreene/Desktop/Rithm School/07/express-jobly/routes/companies.js": {"path":"/Users/maragreene/Desktop/Rithm School/07/express-jobly/routes/companies.js","statementMap":{"0":{"start":{"line":1,"column":16},"end":{"line":1,"column":34}},"1":{"start":{"line":2,"column":15},"end":{"line":2,"column":35}},"2":{"start":{"line":3,"column":16},"end":{"line":3,"column":44}},"3":{"start":{"line":4,"column":21},"end":{"line":4,"column":55}},"4":{"start":{"line":5,"column":28},"end":{"line":5,"column":63}},"5":{"start":{"line":6,"column":11},"end":{"line":6,"column":27}},"6":{"start":{"line":7,"column":19},"end":{"line":7,"column":40}},"7":{"start":{"line":8,"column":27},"end":{"line":8,"column":67}},"8":{"start":{"line":9,"column":26},"end":{"line":9,"column":65}},"9":{"start":{"line":13,"column":0},"end":{"line":32,"column":2}},"10":{"start":{"line":14,"column":19},"end":{"line":14,"column":39}},"11":{"start":{"line":15,"column":22},"end":{"line":15,"column":44}},"12":{"start":{"line":16,"column":22},"end":{"line":16,"column":44}},"13":{"start":{"line":17,"column":2},"end":{"line":30,"column":3}},"14":{"start":{"line":18,"column":4},"end":{"line":25,"column":5}},"15":{"start":{"line":19,"column":22},"end":{"line":19,"column":82}},"16":{"start":{"line":21,"column":6},"end":{"line":23,"column":7}},"17":{"start":{"line":22,"column":12},"end":{"line":22,"column":42}},"18":{"start":{"line":24,"column":6},"end":{"line":24,"column":58}},"19":{"start":{"line":27,"column":4},"end":{"line":27,"column":56}},"20":{"start":{"line":29,"column":4},"end":{"line":29,"column":20}},"21":{"start":{"line":35,"column":0},"end":{"line":52,"column":2}},"22":{"start":{"line":37,"column":2},"end":{"line":51,"column":3}},"23":{"start":{"line":38,"column":19},"end":{"line":38,"column":67}},"24":{"start":{"line":40,"column":4},"end":{"line":45,"column":5}},"25":{"start":{"line":41,"column":25},"end":{"line":41,"column":64}},"26":{"start":{"line":41,"column":52},"end":{"line":41,"column":63}},"27":{"start":{"line":42,"column":6},"end":{"line":42,"column":47}},"28":{"start":{"line":47,"column":20},"end":{"line":47,"column":50}},"29":{"start":{"line":48,"column":4},"end":{"line":48,"column":34}},"30":{"start":{"line":50,"column":4},"end":{"line":50,"column":20}},"31":{"start":{"line":55,"column":0},"end":{"line":69,"column":2}},"32":{"start":{"line":56,"column":15},"end":{"line":56,"column":32}},"33":{"start":{"line":57,"column":2},"end":{"line":68,"column":3}},"34":{"start":{"line":58,"column":18},"end":{"line":58,"column":43}},"35":{"start":{"line":60,"column":4},"end":{"line":62,"column":5}},"36":{"start":{"line":61,"column":6},"end":{"line":61,"column":34}},"37":{"start":{"line":63,"column":4},"end":{"line":63,"column":53}},"38":{"start":{"line":67,"column":4},"end":{"line":67,"column":20}},"39":{"start":{"line":73,"column":0},"end":{"line":100,"column":2}},"40":{"start":{"line":74,"column":15},"end":{"line":74,"column":32}},"41":{"start":{"line":75,"column":14},"end":{"line":75,"column":28}},"42":{"start":{"line":77,"column":2},"end":{"line":99,"column":3}},"43":{"start":{"line":79,"column":24},"end":{"line":79,"column":81}},"44":{"start":{"line":81,"column":27},"end":{"line":81,"column":73}},"45":{"start":{"line":82,"column":4},"end":{"line":89,"column":5}},"46":{"start":{"line":84,"column":25},"end":{"line":84,"column":72}},"47":{"start":{"line":84,"column":60},"end":{"line":84,"column":71}},"48":{"start":{"line":85,"column":16},"end":{"line":85,"column":51}},"49":{"start":{"line":87,"column":6},"end":{"line":87,"column":22}},"50":{"start":{"line":90,"column":19},"end":{"line":90,"column":76}},"51":{"start":{"line":91,"column":4},"end":{"line":94,"column":5}},"52":{"start":{"line":92,"column":20},"end":{"line":92,"column":34}},"53":{"start":{"line":93,"column":6},"end":{"line":93,"column":34}},"54":{"start":{"line":95,"column":4},"end":{"line":95,"column":53}},"55":{"start":{"line":98,"column":4},"end":{"line":98,"column":20}},"56":{"start":{"line":103,"column":0},"end":{"line":115,"column":2}},"57":{"start":{"line":104,"column":15},"end":{"line":104,"column":32}},"58":{"start":{"line":105,"column":2},"end":{"line":114,"column":3}},"59":{"start":{"line":106,"column":19},"end":{"line":106,"column":84}},"60":{"start":{"line":107,"column":4},"end":{"line":109,"column":5}},"61":{"start":{"line":108,"column":6},"end":{"line":108,"column":53}},"62":{"start":{"line":111,"column":4},"end":{"line":111,"column":53}},"63":{"start":{"line":113,"column":4},"end":{"line":113,"column":20}},"64":{"start":{"line":119,"column":0},"end":{"line":119,"column":24}}},"fnMap":{"0":{"name":"(anonymous_0)","decl":{"start":{"line":13,"column":16},"end":{"line":13,"column":17}},"loc":{"start":{"line":13,"column":48},"end":{"line":32,"column":1}},"line":13},"1":{"name":"(anonymous_1)","decl":{"start":{"line":35,"column":17},"end":{"line":35,"column":18}},"loc":{"start":{"line":35,"column":49},"end":{"line":52,"column":1}},"line":35},"2":{"name":"(anonymous_2)","decl":{"start":{"line":41,"column":43},"end":{"line":41,"column":44}},"loc":{"start":{"line":41,"column":52},"end":{"line":41,"column":63}},"line":41},"3":{"name":"(anonymous_3)","decl":{"start":{"line":55,"column":23},"end":{"line":55,"column":24}},"loc":{"start":{"line":55,"column":55},"end":{"line":69,"column":1}},"line":55},"4":{"name":"(anonymous_4)","decl":{"start":{"line":73,"column":25},"end":{"line":73,"column":26}},"loc":{"start":{"line":73,"column":57},"end":{"line":100,"column":1}},"line":73},"5":{"name":"(anonymous_5)","decl":{"start":{"line":84,"column":51},"end":{"line":84,"column":52}},"loc":{"start":{"line":84,"column":60},"end":{"line":84,"column":71}},"line":84},"6":{"name":"(anonymous_6)","decl":{"start":{"line":103,"column":26},"end":{"line":103,"column":27}},"loc":{"start":{"line":103,"column":58},"end":{"line":115,"column":1}},"line":103}},"branchMap":{"0":{"loc":{"start":{"line":18,"column":4},"end":{"line":25,"column":5}},"type":"if","locations":[{"start":{"line":18,"column":4},"end":{"line":25,"column":5}},{"start":{"line":18,"column":4},"end":{"line":25,"column":5}}],"line":18},"1":{"loc":{"start":{"line":18,"column":8},"end":{"line":18,"column":123}},"type":"binary-expr","locations":[{"start":{"line":18,"column":8},"end":{"line":18,"column":35}},{"start":{"line":18,"column":39},"end":{"line":18,"column":65}},{"start":{"line":18,"column":69},"end":{"line":18,"column":95}},{"start":{"line":18,"column":99},"end":{"line":18,"column":123}}],"line":18},"2":{"loc":{"start":{"line":21,"column":6},"end":{"line":23,"column":7}},"type":"if","locations":[{"start":{"line":21,"column":6},"end":{"line":23,"column":7}},{"start":{"line":21,"column":6},"end":{"line":23,"column":7}}],"line":21},"3":{"loc":{"start":{"line":40,"column":4},"end":{"line":45,"column":5}},"type":"if","locations":[{"start":{"line":40,"column":4},"end":{"line":45,"column":5}},{"start":{"line":40,"column":4},"end":{"line":45,"column":5}}],"line":40},"4":{"loc":{"start":{"line":60,"column":4},"end":{"line":62,"column":5}},"type":"if","locations":[{"start":{"line":60,"column":4},"end":{"line":62,"column":5}},{"start":{"line":60,"column":4},"end":{"line":62,"column":5}}],"line":60},"5":{"loc":{"start":{"line":82,"column":4},"end":{"line":89,"column":5}},"type":"if","locations":[{"start":{"line":82,"column":4},"end":{"line":89,"column":5}},{"start":{"line":82,"column":4},"end":{"line":89,"column":5}}],"line":82},"6":{"loc":{"start":{"line":91,"column":4},"end":{"line":94,"column":5}},"type":"if","locations":[{"start":{"line":91,"column":4},"end":{"line":94,"column":5}},{"start":{"line":91,"column":4},"end":{"line":94,"column":5}}],"line":91},"7":{"loc":{"start":{"line":107,"column":4},"end":{"line":109,"column":5}},"type":"if","locations":[{"start":{"line":107,"column":4},"end":{"line":109,"column":5}},{"start":{"line":107,"column":4},"end":{"line":109,"column":5}}],"line":107}},"s":{"0":1,"1":1,"2":1,"3":1,"4":1,"5":1,"6":1,"7":1,"8":1,"9":1,"10":5,"11":5,"12":5,"13":5,"14":5,"15":3,"16":3,"17":2,"18":1,"19":2,"20":3,"21":1,"22":1,"23":1,"24":1,"25":0,"26":0,"27":0,"28":1,"29":1,"30":0,"31":1,"32":2,"33":2,"34":2,"35":2,"36":1,"37":1,"38":1,"39":1,"40":2,"41":2,"42":2,"43":2,"44":2,"45":2,"46":0,"47":0,"48":0,"49":0,"50":2,"51":2,"52":1,"53":1,"54":1,"55":1,"56":1,"57":2,"58":2,"59":2,"60":2,"61":1,"62":1,"63":1,"64":1},"f":{"0":5,"1":1,"2":0,"3":2,"4":2,"5":0,"6":2},"b":{"0":[3,2],"1":[5,2,2,2],"2":[2,1],"3":[0,1],"4":[1,1],"5":[0,2],"6":[1,1],"7":[1,1]},"_coverageSchema":"43e27e138ebf9cfc5966b082cf9a028302ed4184","hash":"411b06fa1f207c119bb42bc46e60ed1541223d35"}
}
