TN:
SF:/Users/maragreene/Desktop/Rithm School/07/express-jobly/app.js
FN:26,(anonymous_0)
FN:35,(anonymous_1)
FNF:2
FNH:1
FNDA:0,(anonymous_0)
FNDA:6,(anonymous_1)
DA:3,1
DA:5,1
DA:7,1
DA:9,1
DA:11,1
DA:14,1
DA:17,1
DA:21,1
DA:22,1
DA:26,1
DA:27,0
DA:30,0
DA:35,1
DA:36,6
DA:37,6
DA:39,6
DA:45,1
LF:17
LH:15
BRDA:36,0,0,6
BRDA:36,0,1,0
BRF:2
BRH:1
end_of_record
TN:
SF:/Users/maragreene/Desktop/Rithm School/07/express-jobly/config.js
FNF:0
FNH:0
DA:3,3
DA:5,3
DA:7,3
DA:17,3
DA:18,3
DA:20,0
DA:23,3
LF:7
LH:6
BRDA:5,0,0,3
BRDA:5,0,1,3
BRDA:7,1,0,3
BRDA:7,1,1,3
BRDA:17,2,0,3
BRDA:17,2,1,0
BRDA:20,3,0,0
BRDA:20,3,1,0
BRF:8
BRH:5
end_of_record
TN:
SF:/Users/maragreene/Desktop/Rithm School/07/express-jobly/db.js
FNF:0
FNH:0
DA:3,3
DA:4,3
DA:6,3
DA:10,3
DA:12,3
LF:5
LH:5
BRF:0
BRH:0
end_of_record
TN:
SF:/Users/maragreene/Desktop/Rithm School/07/express-jobly/helpers/expressError.js
FN:10,(anonymous_0)
FNF:1
FNH:1
FNDA:6,(anonymous_0)
DA:11,6
DA:12,6
DA:13,6
DA:14,6
DA:18,1
LF:5
LH:5
BRF:0
BRH:0
end_of_record
TN:
SF:/Users/maragreene/Desktop/Rithm School/07/express-jobly/helpers/partialUpdate.js
FN:17,sqlForPartialUpdate
FNF:1
FNH:1
FNDA:3,sqlForPartialUpdate
DA:21,3
DA:22,3
DA:25,3
DA:26,6
DA:27,0
DA:28,6
DA:31,3
DA:32,6
DA:33,6
DA:37,3
DA:38,3
DA:40,3
DA:41,3
DA:43,3
DA:46,2
LF:15
LH:14
BRDA:26,0,0,0
BRDA:26,0,1,6
BRF:2
BRH:1
end_of_record
TN:
SF:/Users/maragreene/Desktop/Rithm School/07/express-jobly/models/company.js
FN:4,(anonymous_0)
FN:15,(anonymous_1)
FN:41,(anonymous_2)
FNF:3
FNH:3
FNDA:23,(anonymous_0)
FNDA:8,(anonymous_1)
FNDA:4,(anonymous_2)
DA:1,3
DA:5,23
DA:12,22
DA:18,8
DA:19,6
DA:26,2
DA:27,2
DA:37,8
DA:42,4
DA:48,4
DA:56,3
LF:11
LH:11
BRDA:15,0,0,2
BRDA:15,1,0,2
BRDA:18,2,0,6
BRDA:18,2,1,2
BRF:4
BRH:4
end_of_record
TN:
SF:/Users/maragreene/Desktop/Rithm School/07/express-jobly/routes/companies.js
FN:13,(anonymous_0)
FN:35,(anonymous_1)
FN:41,(anonymous_2)
FN:55,(anonymous_3)
FN:73,(anonymous_4)
FN:84,(anonymous_5)
FN:103,(anonymous_6)
FNF:7
FNH:5
FNDA:5,(anonymous_0)
FNDA:1,(anonymous_1)
FNDA:0,(anonymous_2)
FNDA:2,(anonymous_3)
FNDA:2,(anonymous_4)
FNDA:0,(anonymous_5)
FNDA:2,(anonymous_6)
DA:1,1
DA:2,1
DA:3,1
DA:4,1
DA:5,1
DA:6,1
DA:7,1
DA:8,1
DA:9,1
DA:13,1
DA:14,5
DA:15,5
DA:16,5
DA:17,5
DA:18,5
DA:19,3
DA:21,3
DA:22,2
DA:24,1
DA:27,2
DA:29,3
DA:35,1
DA:37,1
DA:38,1
DA:40,1
DA:41,0
DA:42,0
DA:47,1
DA:48,1
DA:50,0
DA:55,1
DA:56,2
DA:57,2
DA:58,2
DA:60,2
DA:61,1
DA:63,1
DA:67,1
DA:73,1
DA:74,2
DA:75,2
DA:77,2
DA:79,2
DA:81,2
DA:82,2
DA:84,0
DA:85,0
DA:87,0
DA:90,2
DA:91,2
DA:92,1
DA:93,1
DA:95,1
DA:98,1
DA:103,1
DA:104,2
DA:105,2
DA:106,2
DA:107,2
DA:108,1
DA:111,1
DA:113,1
DA:119,1
LF:63
LH:57
BRDA:18,0,0,3
BRDA:18,0,1,2
BRDA:18,1,0,5
BRDA:18,1,1,2
BRDA:18,1,2,2
BRDA:18,1,3,2
BRDA:21,2,0,2
BRDA:21,2,1,1
BRDA:40,3,0,0
BRDA:40,3,1,1
BRDA:60,4,0,1
BRDA:60,4,1,1
BRDA:82,5,0,0
BRDA:82,5,1,2
BRDA:91,6,0,1
BRDA:91,6,1,1
BRDA:107,7,0,1
BRDA:107,7,1,1
BRF:18
BRH:16
end_of_record
